<?xml version="1.0" encoding="UTF-8"?>
<!-- Generated by org.testng.reporters.JUnitReportReporter -->
<testsuite hostname="DESKTOP-2AAAVGQ" failures="0" tests="2" name="com.runner.Runner$runner" time="0.337" errors="2" timestamp="17 Oct 2021 22:01:37 GMT" skipped="0">
  <testcase classname="com.runner.Runner$runner" name="runScenario" time="0.018">
    <error message="TODO: implement me" type="io.cucumber.java.PendingException">
      <![CDATA[io.cucumber.java.PendingException: TODO: implement me
at com.stepdefenation.StepDefination.user_launch_the_required_browser_user_able_to_launch_the_chrome_browser(StepDefination.java:9)
at ✽.user launch the required browser/user able to launch the chrome browser(file:///C:/Users/akbar/eclipse-workspace/Cucamber_Framwork/./Feature/loigin.feature:15)
]]>
    </error>
  </testcase> <!-- runScenario -->
  <testcase classname="com.runner.Runner$runner" name="runScenario" time="0.319">
    <error message="TODO: implement me" type="io.cucumber.java.PendingException">
      <![CDATA[io.cucumber.java.PendingException: TODO: implement me
at com.stepdefenation.StepDefination.user_launch_the_required_browser_user_able_to_launch_the_chrome_browser(StepDefination.java:9)
at ✽.user launch the required browser/user able to launch the chrome browser(file:///C:/Users/akbar/eclipse-workspace/Cucamber_Framwork/./Feature/loigin.feature:4)
]]>
    </error>
  </testcase> <!-- runScenario -->
</testsuite> <!-- com.runner.Runner$runner -->
